
2020-01-22T14:12:11.871Z [workorderweb\server.js] info: Server started on port 5000 - undefined

2020-01-22T14:12:12.900Z [workorderweb\server.js] info: MongoDB Connected... - undefined

2020-01-22T14:12:28.274Z [api\material.js] error: Cast to ObjectId failed for value "undefined" at path "wo_id" for model "material" - CastError: Cast to ObjectId failed for value "undefined" at path "wo_id" for model "material"
    at new CastError (C:\murali\shape\workorderweb\node_modules\mongoose\lib\error\cast.js:29:11)
    at ObjectId.cast (C:\murali\shape\workorderweb\node_modules\mongoose\lib\schema\objectid.js:242:11)
    at ObjectId.SchemaType.applySetters (C:\murali\shape\workorderweb\node_modules\mongoose\lib\schematype.js:892:12)
    at ObjectId.SchemaType._castForQuery (C:\murali\shape\workorderweb\node_modules\mongoose\lib\schematype.js:1304:15)
    at ObjectId.SchemaType.castForQuery (C:\murali\shape\workorderweb\node_modules\mongoose\lib\schematype.js:1294:15)
    at ObjectId.SchemaType.castForQueryWrapper (C:\murali\shape\workorderweb\node_modules\mongoose\lib\schematype.js:1273:15)
    at cast (C:\murali\shape\workorderweb\node_modules\mongoose\lib\cast.js:307:32)
    at model.Query.Query.cast (C:\murali\shape\workorderweb\node_modules\mongoose\lib\query.js:4528:12)
    at model.Query.Query._castConditions (C:\murali\shape\workorderweb\node_modules\mongoose\lib\query.js:1762:10)
    at model.Query.<anonymous> (C:\murali\shape\workorderweb\node_modules\mongoose\lib\query.js:2015:8)
    at model.Query._wrappedThunk [as _findOne] (C:\murali\shape\workorderweb\node_modules\mongoose\lib\helpers\query\wrapThunk.js:16:8)
    at process.nextTick (C:\murali\shape\workorderweb\node_modules\kareem\index.js:369:33)
    at _combinedTickCallback (internal/process/next_tick.js:131:7)
    at process._tickCallback (internal/process/next_tick.js:180:9)

2020-01-22T14:18:07.830Z [workorderweb\server.js] info: Server started on port 5000 - undefined

2020-01-22T14:18:08.887Z [workorderweb\server.js] info: MongoDB Connected... - undefined

2020-01-22T14:18:20.263Z [api\workorder.js] info: [object Object] - undefined

2020-01-22T14:54:55.604Z [api\workorder.js] info: [object Object] - undefined

2020-01-22T14:54:55.604Z [api\workorder.js] error: User Authentication failed while creating new Work Order - undefined

2020-01-22T14:58:01.399Z [api\workorder.js] info: [object Object] - undefined

2020-01-22T14:58:01.399Z [api\workorder.js] error: User Authentication failed while creating new Work Order - undefined

2020-01-22T14:58:52.816Z [api\workorder.js] info: [object Object] - undefined

2020-01-22T14:58:52.817Z [api\workorder.js] error: User Authentication failed while creating new Work Order - undefined

2020-01-22T15:05:15.966Z [workorderweb\server.js] info: Server started on port 5000 - undefined

2020-01-22T15:05:17.011Z [workorderweb\server.js] info: MongoDB Connected... - undefined

2020-01-22T23:23:39.465Z [workorderweb\server.js] info: Server started on port 5000 - undefined

2020-01-22T23:23:40.511Z [workorderweb\server.js] info: MongoDB Connected... - undefined

2020-01-22T23:32:09.485Z [api\workorder.js] info: [object Object] - undefined

2020-01-23T02:13:50.732Z [api\workorder.js] info: [object Object] - undefined

2020-01-23T02:13:50.733Z [api\workorder.js] error: User Authentication failed while creating new Work Order - undefined

2020-01-23T02:16:56.412Z [workorderweb\server.js] info: Server started on port 5000 - undefined

2020-01-23T02:16:57.468Z [workorderweb\server.js] info: MongoDB Connected... - undefined

2020-01-23T02:23:13.691Z [workorderweb\server.js] info: Server started on port 5000 - undefined

2020-01-23T02:23:14.736Z [workorderweb\server.js] info: MongoDB Connected... - undefined

2020-01-23T02:24:03.728Z [workorderweb\server.js] info: Server started on port 5000 - undefined

2020-01-23T02:24:04.764Z [workorderweb\server.js] info: MongoDB Connected... - undefined

2020-01-23T02:24:48.232Z [workorderweb\server.js] info: Server started on port 5000 - undefined

2020-01-23T02:24:49.258Z [workorderweb\server.js] info: MongoDB Connected... - undefined

2020-01-23T02:25:14.915Z [workorderweb\server.js] info: Server started on port 5000 - undefined

2020-01-23T02:25:15.958Z [workorderweb\server.js] info: MongoDB Connected... - undefined

2020-01-23T02:30:11.340Z [workorderweb\server.js] info: Server started on port 5000 - undefined

2020-01-23T02:30:12.384Z [workorderweb\server.js] info: MongoDB Connected... - undefined

2020-01-23T02:33:31.034Z [workorderweb\server.js] info: Server started on port 5000 - undefined

2020-01-23T02:33:32.060Z [workorderweb\server.js] info: MongoDB Connected... - undefined

2020-01-23T02:43:11.401Z [workorderweb\server.js] info: Server started on port 5000 - undefined

2020-01-23T02:43:12.430Z [workorderweb\server.js] info: MongoDB Connected... - undefined

2020-01-23T02:45:38.573Z [workorderweb\server.js] info: Server started on port 5000 - undefined

2020-01-23T02:45:39.626Z [workorderweb\server.js] info: MongoDB Connected... - undefined

2020-01-23T03:14:20.723Z [workorderweb\server.js] info: Server started on port 5000 - undefined

2020-01-23T03:14:21.761Z [workorderweb\server.js] info: MongoDB Connected... - undefined

2020-01-23T03:15:14.152Z [workorderweb\server.js] info: Server started on port 5000 - undefined

2020-01-23T03:15:15.203Z [workorderweb\server.js] info: MongoDB Connected... - undefined

2020-01-23T03:15:48.739Z [workorderweb\server.js] info: Server started on port 5000 - undefined

2020-01-23T03:15:49.792Z [workorderweb\server.js] info: MongoDB Connected... - undefined

2020-01-23T03:20:50.289Z [workorderweb\server.js] info: Server started on port 5000 - undefined

2020-01-23T03:20:51.344Z [workorderweb\server.js] info: MongoDB Connected... - undefined

2020-01-23T03:21:10.367Z [workorderweb\server.js] info: Server started on port 5000 - undefined

2020-01-23T03:21:11.418Z [workorderweb\server.js] info: MongoDB Connected... - undefined

2020-01-23T03:23:53.799Z [workorderweb\server.js] info: Server started on port 5000 - undefined

2020-01-23T03:23:54.855Z [workorderweb\server.js] info: MongoDB Connected... - undefined

2020-01-23T05:43:39.085Z [workorderweb\server.js] info: Server started on port 5000 - undefined

2020-01-23T05:43:40.108Z [workorderweb\server.js] info: MongoDB Connected... - undefined

2020-01-23T23:34:46.487Z [workorderweb\server.js] info: Server started on port 5000 - undefined

2020-01-23T23:34:47.532Z [workorderweb\server.js] info: MongoDB Connected... - undefined

2020-01-23T23:44:36.346Z [workorderweb\server.js] info: Server started on port 5000 - undefined

2020-01-23T23:44:37.404Z [workorderweb\server.js] info: MongoDB Connected... - undefined

2020-01-23T23:45:40.232Z [workorderweb\server.js] info: Server started on port 5000 - undefined

2020-01-23T23:45:41.304Z [workorderweb\server.js] info: MongoDB Connected... - undefined

2020-01-23T23:47:17.130Z [workorderweb\server.js] info: Server started on port 5000 - undefined

2020-01-23T23:47:18.163Z [workorderweb\server.js] info: MongoDB Connected... - undefined

2020-01-23T23:50:36.696Z [workorderweb\server.js] info: Server started on port 5000 - undefined

2020-01-23T23:50:37.766Z [workorderweb\server.js] info: MongoDB Connected... - undefined

2020-01-23T23:50:59.803Z [api\workorder.js] info: [object Object] - undefined

2020-01-24T00:21:55.006Z [workorderweb\server.js] info: Server started on port 5000 - undefined

2020-01-24T00:21:56.039Z [workorderweb\server.js] info: MongoDB Connected... - undefined

2020-01-24T00:22:08.216Z [workorderweb\server.js] info: Server started on port 5000 - undefined

2020-01-24T00:22:09.264Z [workorderweb\server.js] info: MongoDB Connected... - undefined

2020-01-24T00:22:28.587Z [workorderweb\server.js] info: Server started on port 5000 - undefined

2020-01-24T00:22:29.616Z [workorderweb\server.js] info: MongoDB Connected... - undefined

2020-01-24T00:28:07.877Z [workorderweb\server.js] info: Server started on port 5000 - undefined

2020-01-24T00:28:08.925Z [workorderweb\server.js] info: MongoDB Connected... - undefined

2020-01-24T00:31:30.518Z [workorderweb\server.js] info: Server started on port 5000 - undefined

2020-01-24T00:31:31.555Z [workorderweb\server.js] info: MongoDB Connected... - undefined

2020-01-24T00:31:52.865Z [workorderweb\server.js] info: Server started on port 5000 - undefined

2020-01-24T00:31:53.958Z [workorderweb\server.js] info: MongoDB Connected... - undefined

2020-01-24T00:32:14.780Z [api\workorder.js] info: [object Object] - undefined

2020-01-24T00:35:51.524Z [workorderweb\server.js] info: Server started on port 5000 - undefined

2020-01-24T00:35:52.585Z [workorderweb\server.js] info: MongoDB Connected... - undefined

2020-01-24T00:45:00.905Z [workorderweb\server.js] info: Server started on port 5000 - undefined

2020-01-24T00:45:01.969Z [workorderweb\server.js] info: MongoDB Connected... - undefined

2020-01-24T00:45:43.688Z [workorderweb\server.js] info: Server started on port 5000 - undefined

2020-01-24T00:45:44.747Z [workorderweb\server.js] info: MongoDB Connected... - undefined

2020-01-24T00:47:31.955Z [workorderweb\server.js] info: Server started on port 5000 - undefined

2020-01-24T00:47:33.038Z [workorderweb\server.js] info: MongoDB Connected... - undefined

2020-01-24T00:48:34.998Z [workorderweb\server.js] info: Server started on port 5000 - undefined

2020-01-24T00:48:36.064Z [workorderweb\server.js] info: MongoDB Connected... - undefined

2020-01-24T00:49:11.084Z [api\workorder.js] info: [object Object] - undefined

2020-01-24T00:50:24.971Z [workorderweb\server.js] info: Server started on port 5000 - undefined

2020-01-24T00:50:26.021Z [workorderweb\server.js] info: MongoDB Connected... - undefined

2020-01-24T00:52:32.757Z [auth\login.js] error: Email not verified. muralikannur@gmail.com - undefined

2020-01-24T00:53:05.765Z [auth\verify.js] error: Invalid Verification Code. UID: 5e2a3fa516df2e4b546bef3d - undefined

2020-01-24T00:53:21.421Z [auth\verify.js] info: Email verified successfully. UID: 5e2a3fa516df2e4b546bef3d - undefined

2020-01-24T00:53:35.234Z [auth\login.js] error: Account not activated. Email:muralikannur@gmail.com - undefined

2020-01-24T00:54:20.738Z [auth\activate.js] error: Invalid Activation Code. UID: 5e2a3fa516df2e4b546bef3d - undefined

2020-01-24T00:54:24.419Z [auth\activate.js] info: User is Activated successfully. UID: 5e2a3fa516df2e4b546bef3d - undefined

2020-01-24T00:54:35.825Z [auth\login.js] error: Account not activated. Email:muralikannur@gmail.com - undefined

2020-01-24T00:55:30.311Z [auth\activate.js] info: User is Activated successfully. UID: 5e2a3fa516df2e4b546bef3d - undefined

2020-01-24T00:56:16.123Z [workorderweb\server.js] info: Server started on port 5000 - undefined

2020-01-24T00:56:17.150Z [workorderweb\server.js] info: MongoDB Connected... - undefined

2020-01-24T00:56:26.848Z [workorderweb\server.js] info: Server started on port 5000 - undefined

2020-01-24T00:56:27.895Z [workorderweb\server.js] info: MongoDB Connected... - undefined

2020-01-24T01:31:28.206Z [workorderweb\server.js] info: Server started on port 5000 - undefined

2020-01-24T01:31:29.243Z [workorderweb\server.js] info: MongoDB Connected... - undefined

2020-01-24T01:36:09.146Z [workorderweb\server.js] info: Server started on port 5000 - undefined

2020-01-24T01:36:10.179Z [workorderweb\server.js] info: MongoDB Connected... - undefined

2020-01-24T01:36:48.385Z [workorderweb\server.js] info: Server started on port 5000 - undefined

2020-01-24T01:36:49.445Z [workorderweb\server.js] info: MongoDB Connected... - undefined

2020-01-24T01:37:13.024Z [workorderweb\server.js] info: Server started on port 5000 - undefined

2020-01-24T01:37:14.052Z [workorderweb\server.js] info: MongoDB Connected... - undefined

2020-01-24T01:37:33.932Z [workorderweb\server.js] info: Server started on port 5000 - undefined

2020-01-24T01:37:34.995Z [workorderweb\server.js] info: MongoDB Connected... - undefined

2020-01-24T01:38:19.136Z [workorderweb\server.js] info: Server started on port 5000 - undefined

2020-01-24T01:38:20.181Z [workorderweb\server.js] info: MongoDB Connected... - undefined

2020-01-24T01:42:14.066Z [workorderweb\server.js] info: Server started on port 5000 - undefined

2020-01-24T01:42:15.131Z [workorderweb\server.js] info: MongoDB Connected... - undefined

2020-01-24T01:42:55.897Z [workorderweb\server.js] info: Server started on port 5000 - undefined

2020-01-24T01:42:56.959Z [workorderweb\server.js] info: MongoDB Connected... - undefined

2020-01-24T01:48:20.761Z [workorderweb\server.js] info: Server started on port 5000 - undefined

2020-01-24T01:48:21.813Z [workorderweb\server.js] info: MongoDB Connected... - undefined

2020-01-24T01:53:36.485Z [workorderweb\server.js] info: Server started on port 5000 - undefined

2020-01-24T01:53:37.529Z [workorderweb\server.js] info: MongoDB Connected... - undefined

2020-01-24T01:54:32.228Z [workorderweb\server.js] info: Server started on port 5000 - undefined

2020-01-24T01:54:33.260Z [workorderweb\server.js] info: MongoDB Connected... - undefined

2020-01-24T01:54:34.912Z [auth\reset.js] error: Error while resetting password. CastError: Cast to ObjectId failed for value "{ uid: '5e2a3fa516df2e4b546bef3d' }" at path "_id" for model "user" - undefined

2020-01-24T02:03:36.306Z [workorderweb\server.js] info: Server started on port 5000 - undefined

2020-01-24T02:03:37.378Z [workorderweb\server.js] info: MongoDB Connected... - undefined

2020-01-24T02:05:40.832Z [workorderweb\server.js] info: Server started on port 5000 - undefined

2020-01-24T02:05:41.872Z [workorderweb\server.js] info: MongoDB Connected... - undefined

2020-01-24T02:08:30.278Z [workorderweb\server.js] info: Server started on port 5000 - undefined

2020-01-24T02:08:31.317Z [workorderweb\server.js] info: MongoDB Connected... - undefined

2020-01-24T02:10:48.176Z [workorderweb\server.js] info: Server started on port 5000 - undefined

2020-01-24T02:10:49.220Z [workorderweb\server.js] info: MongoDB Connected... - undefined

2020-01-24T02:14:46.490Z [workorderweb\server.js] info: Server started on port 5000 - undefined

2020-01-24T02:14:47.539Z [workorderweb\server.js] info: MongoDB Connected... - undefined

2020-01-24T02:14:49.503Z [auth\reset.js] error: Invalid Verification Code. : muralikannur@gmail.com - undefined

2020-01-24T02:17:42.034Z [workorderweb\server.js] info: Server started on port 5000 - undefined

2020-01-24T02:17:43.091Z [workorderweb\server.js] info: MongoDB Connected... - undefined

2020-01-24T02:18:22.070Z [auth\login.js] error: Account not activated. Email:muralikannur@gmail.com - undefined

2020-01-24T02:20:23.778Z [auth\activate.js] info: User is Activated successfully. UID: 5e2a3fa516df2e4b546bef3d - undefined

2020-01-24T02:21:02.710Z [workorderweb\server.js] info: Server started on port 5000 - undefined

2020-01-24T02:21:03.758Z [workorderweb\server.js] info: MongoDB Connected... - undefined

2020-01-24T02:25:58.214Z [auth\reset.js] error: Invalid Verification Code. : muralikannur@gmail.com - undefined

2020-01-24T02:28:20.144Z [workorderweb\server.js] info: Server started on port 5000 - undefined

2020-01-24T02:28:21.191Z [workorderweb\server.js] info: MongoDB Connected... - undefined

2020-01-24T02:29:52.335Z [api\workorder.js] info: [object Object] - undefined

2020-01-24T02:30:34.374Z [api\workorder.js] info: [object Object] - undefined

2020-01-24T02:31:13.133Z [api\workorder.js] info: [object Object] - undefined

2020-01-24T02:32:59.911Z [workorderweb\server.js] info: Server started on port 5000 - undefined

2020-01-24T02:33:00.942Z [workorderweb\server.js] info: MongoDB Connected... - undefined

2020-01-24T02:38:06.884Z [workorderweb\server.js] info: Server started on port 5000 - undefined

2020-01-24T02:38:09.908Z [workorderweb\server.js] error: read ECONNRESET - Error: read ECONNRESET
    at _errnoException (util.js:992:11)
    at TCP.onread (net.js:618:25)
